# JRE version: OpenJDK Runtime Environment (11.0.11+9) (build 11.0.11+9-b60-7590822)
# Java VM: OpenJDK 64-Bit Server VM (11.0.11+9-b60-7590822, mixed mode, tiered, compressed oops, g1 gc, windows-amd64)
Heap:
 garbage-first heap   total 315392K, used 139776K [0x0000000700c00000, 0x0000000800000000)
  region size 1024K, 78 young (79872K), 10 survivors (10240K)
 Metaspace       used 88334K, capacity 89233K, committed 89580K, reserved 1128448K
  class space    used 9491K, capacity 9855K, committed 9972K, reserved 1048576K
GC Heap History (16 events):
Event: 0.544 GC heap before
{Heap before GC invocations=0 (full 0):
 garbage-first heap   total 262144K, used 17408K [0x0000000700c00000, 0x0000000800000000)
  region size 1024K, 14 young (14336K), 0 survivors (0K)
 Metaspace       used 9815K, capacity 9938K, committed 10112K, reserved 1058816K
  class space    used 840K, capacity 885K, committed 896K, reserved 1048576K
}
Event: 0.548 GC heap after
{Heap after GC invocations=1 (full 0):
 garbage-first heap   total 262144K, used 5233K [0x0000000700c00000, 0x0000000800000000)
  region size 1024K, 2 young (2048K), 2 survivors (2048K)
 Metaspace       used 9815K, capacity 9938K, committed 10112K, reserved 1058816K
  class space    used 840K, capacity 885K, committed 896K, reserved 1048576K
}
Event: 1.709 GC heap before
{Heap before GC invocations=1 (full 0):
 garbage-first heap   total 262144K, used 50289K [0x0000000700c00000, 0x0000000800000000)
  region size 1024K, 47 young (48128K), 2 survivors (2048K)
 Metaspace       used 20756K, capacity 21000K, committed 21248K, reserved 1069056K
  class space    used 2203K, capacity 2282K, committed 2304K, reserved 1048576K
}
Event: 1.725 GC heap after
{Heap after GC invocations=2 (full 0):
 garbage-first heap   total 262144K, used 9383K [0x0000000700c00000, 0x0000000800000000)
  region size 1024K, 7 young (7168K), 7 survivors (7168K)
 Metaspace       used 20756K, capacity 21000K, committed 21248K, reserved 1069056K
  class space    used 2203K, capacity 2282K, committed 2304K, reserved 1048576K
}
Event: 3.341 GC heap before
{Heap before GC invocations=3 (full 0):
 garbage-first heap   total 262144K, used 63655K [0x0000000700c00000, 0x0000000800000000)
  region size 1024K, 55 young (56320K), 7 survivors (7168K)
 Metaspace       used 31585K, capacity 32118K, committed 32256K, reserved 1077248K
  class space    used 3809K, capacity 4000K, committed 4096K, reserved 1048576K
}
Event: 3.366 GC heap after
{Heap after GC invocations=4 (full 0):
 garbage-first heap   total 262144K, used 20915K [0x0000000700c00000, 0x0000000800000000)
  region size 1024K, 7 young (7168K), 7 survivors (7168K)
 Metaspace       used 31585K, capacity 32118K, committed 32256K, reserved 1077248K
  class space    used 3809K, capacity 4000K, committed 4096K, reserved 1048576K
}
Event: 3.763 GC heap before
{Heap before GC invocations=4 (full 0):
 garbage-first heap   total 262144K, used 32179K [0x0000000700c00000, 0x0000000800000000)
  region size 1024K, 19 young (19456K), 7 survivors (7168K)
 Metaspace       used 34932K, capacity 35393K, committed 35584K, reserved 1081344K
  class space    used 4385K, capacity 4578K, committed 4608K, reserved 1048576K
}
Event: 3.787 GC heap after
{Heap after GC invocations=5 (full 0):
 garbage-first heap   total 262144K, used 21930K [0x0000000700c00000, 0x0000000800000000)
  region size 1024K, 8 young (8192K), 8 survivors (8192K)
 Metaspace       used 34932K, capacity 35393K, committed 35584K, reserved 1081344K
  class space    used 4385K, capacity 4578K, committed 4608K, reserved 1048576K
}
Event: 6.484 GC heap before
{Heap before GC invocations=6 (full 0):
 garbage-first heap   total 262144K, used 104874K [0x0000000700c00000, 0x0000000800000000)
  region size 1024K, 86 young (88064K), 8 survivors (8192K)
 Metaspace       used 50902K, capacity 51536K, committed 51704K, reserved 1095680K
  class space    used 6038K, capacity 6300K, committed 6400K, reserved 1048576K
}
Event: 6.520 GC heap after
{Heap after GC invocations=7 (full 0):
 garbage-first heap   total 315392K, used 30344K [0x0000000700c00000, 0x0000000800000000)
  region size 1024K, 10 young (10240K), 10 survivors (10240K)
 Metaspace       used 50902K, capacity 51536K, committed 51704K, reserved 1095680K
  class space    used 6038K, capacity 6300K, committed 6400K, reserved 1048576K
}
Event: 10.587 GC heap before
{Heap before GC invocations=7 (full 0):
 garbage-first heap   total 315392K, used 148104K [0x0000000700c00000, 0x0000000800000000)
  region size 1024K, 126 young (129024K), 10 survivors (10240K)
 Metaspace       used 59114K, capacity 59839K, committed 59896K, reserved 1101824K
  class space    used 6844K, capacity 7136K, committed 7168K, reserved 1048576K
}
Event: 10.702 GC heap after
{Heap after GC invocations=8 (full 0):
 garbage-first heap   total 315392K, used 45520K [0x0000000700c00000, 0x0000000800000000)
  region size 1024K, 23 young (23552K), 23 survivors (23552K)
 Metaspace       used 59114K, capacity 59839K, committed 59896K, reserved 1101824K
  class space    used 6844K, capacity 7136K, committed 7168K, reserved 1048576K
}
Event: 17.781 GC heap before
{Heap before GC invocations=9 (full 0):
 garbage-first heap   total 315392K, used 166352K [0x0000000700c00000, 0x0000000800000000)
  region size 1024K, 140 young (143360K), 23 survivors (23552K)
 Metaspace       used 67978K, capacity 68891K, committed 69228K, reserved 1110016K
  class space    used 7611K, capacity 7954K, committed 8052K, reserved 1048576K
}
Event: 17.885 GC heap after
{Heap after GC invocations=10 (full 0):
 garbage-first heap   total 315392K, used 60700K [0x0000000700c00000, 0x0000000800000000)
  region size 1024K, 15 young (15360K), 15 survivors (15360K)
 Metaspace       used 67978K, capacity 68891K, committed 69228K, reserved 1110016K
  class space    used 7611K, capacity 7954K, committed 8052K, reserved 1048576K
}
Event: 23.097 GC heap before
{Heap before GC invocations=10 (full 0):
 garbage-first heap   total 315392K, used 177436K [0x0000000700c00000, 0x0000000800000000)
  region size 1024K, 129 young (132096K), 15 survivors (15360K)
 Metaspace       used 83321K, capacity 84197K, committed 84332K, reserved 1124352K
  class space    used 9127K, capacity 9500K, committed 9588K, reserved 1048576K
}
Event: 23.158 GC heap after
{Heap after GC invocations=11 (full 0):
 garbage-first heap   total 315392K, used 71168K [0x0000000700c00000, 0x0000000800000000)
  region size 1024K, 10 young (10240K), 10 survivors (10240K)
 Metaspace       used 83321K, capacity 84197K, committed 84332K, reserved 1124352K
  class space    used 9127K, capacity 9500K, committed 9588K, reserved 1048576K
}

